2025/06/29 21:21:40 Successfully connected to PostgreSQL!
2025/06/29 21:21:40 PostgreSQL schema initialized successfully.
2025/06/29 21:21:40 Worker worker-2 starting lifecycle...
2025/06/29 21:21:40 Worker gRPC server starting on port 50002...
2025/06/29 21:21:40 Attempting to register worker worker-2 with master at 192.168.1.6:50002
2025/06/29 21:21:40 Worker worker-2 registered successfully with master.
2025/06/29 21:21:40 Worker worker-2 established bidirectional status stream to master.
2025/06/29 21:21:40 Worker worker-2 sent status: READY (Test: )
2025/06/29 21:21:40 Received ACK from Master for worker worker-2: Success=true, Message=Status received
2025/06/29 21:21:45 Worker worker-2 sent status: READY (Test: )
2025/06/29 21:21:45 Received ACK from Master for worker worker-2: Success=true, Message=Status received
2025/06/29 21:21:50 Worker worker-2 sent status: READY (Test: )
2025/06/29 21:21:50 Received ACK from Master for worker worker-2: Success=true, Message=Status received
2025/06/29 21:21:55 Worker worker-2 sent status: READY (Test: )
2025/06/29 21:21:55 Received ACK from Master for worker worker-2: Success=true, Message=Status received
2025/06/29 21:22:00 Worker worker-2 sent status: READY (Test: )
2025/06/29 21:22:00 Received ACK from Master for worker worker-2: Success=true, Message=Status received
2025/06/29 21:22:05 Worker worker-2 sent status: READY (Test: )
2025/06/29 21:22:05 Received ACK from Master for worker worker-2: Success=true, Message=Status received
2025/06/29 21:22:10 Worker worker-2 sent status: READY (Test: )
2025/06/29 21:22:10 Received ACK from Master for worker worker-2: Success=true, Message=Status received
2025/06/29 21:22:15 Worker worker-2 sent status: READY (Test: )
2025/06/29 21:22:15 Received ACK from Master for worker worker-2: Success=true, Message=Status received
2025/06/29 21:22:20 Worker worker-2 sent status: READY (Test: )
2025/06/29 21:22:20 Received ACK from Master for worker worker-2: Success=true, Message=Status received
2025/06/29 21:22:25 Worker worker-2 sent status: READY (Test: )
2025/06/29 21:22:25 Received ACK from Master for worker worker-2: Success=true, Message=Status received
2025/06/29 21:22:30 Worker worker-2 sent status: READY (Test: )
2025/06/29 21:22:30 Received ACK from Master for worker worker-2: Success=true, Message=Status received
2025/06/29 21:22:35 Worker worker-2 sent status: READY (Test: )
2025/06/29 21:22:35 Received ACK from Master for worker worker-2: Success=true, Message=Status received
2025/06/29 21:22:40 Worker worker-2 sent status: READY (Test: )
2025/06/29 21:22:40 Received ACK from Master for worker worker-2: Success=true, Message=Status received
2025/06/29 21:22:45 Worker worker-2 sent status: READY (Test: )
2025/06/29 21:22:45 Received ACK from Master for worker worker-2: Success=true, Message=Status received
2025/06/29 21:22:50 Worker worker-2 sent status: READY (Test: )
2025/06/29 21:22:50 Received ACK from Master for worker worker-2: Success=true, Message=Status received
2025/06/29 21:22:55 Worker worker-2 sent status: READY (Test: )
2025/06/29 21:22:55 Received ACK from Master for worker worker-2: Success=true, Message=Status received
2025/06/29 21:23:00 Worker worker-2 sent status: READY (Test: )
2025/06/29 21:23:00 Received ACK from Master for worker worker-2: Success=true, Message=Status received
2025/06/29 21:23:00 Worker received test assignment for Test ID: 057358a4-1455-4c27-b440-da8709d71396
2025/06/29 21:23:00 Worker worker-2 starting test 057358a4-1455-4c27-b440-da8709d71396...
2025/06/29 21:23:00 Worker worker-2 sent status: BUSY (Test: 057358a4-1455-4c27-b440-da8709d71396)
2025/06/29 21:23:00 Starting Vegeta attack with duration=30s, rate=3, targetsBase64 length=68
2025/06/29 21:23:00 Decoded targets: [{"method":"GET","url":"https://httpbin.org/get"}]
2025/06/29 21:23:00 Parsed 1 targets successfully
2025/06/29 21:23:00 Target 0: GET https://httpbin.org/get
2025/06/29 21:23:00 Starting Vegeta attack: rate=Constant{3 hits/1s}, duration=30s, targets=1
2025/06/29 21:23:00 Received ACK from Master for worker worker-2: Success=true, Message=Status received
2025/06/29 21:23:05 Worker worker-2 sent status: BUSY (Test: 057358a4-1455-4c27-b440-da8709d71396)
2025/06/29 21:23:05 Received ACK from Master for worker worker-2: Success=true, Message=Status received
2025/06/29 21:23:10 Worker worker-2 sent status: BUSY (Test: 057358a4-1455-4c27-b440-da8709d71396)
2025/06/29 21:23:10 Received ACK from Master for worker worker-2: Success=true, Message=Status received
2025/06/29 21:23:15 Worker worker-2 sent status: BUSY (Test: 057358a4-1455-4c27-b440-da8709d71396)
2025/06/29 21:23:15 Received ACK from Master for worker worker-2: Success=true, Message=Status received
2025/06/29 21:23:20 Worker worker-2 sent status: BUSY (Test: 057358a4-1455-4c27-b440-da8709d71396)
2025/06/29 21:23:20 Received ACK from Master for worker worker-2: Success=true, Message=Status received
2025/06/29 21:23:25 Worker worker-2 sent status: BUSY (Test: 057358a4-1455-4c27-b440-da8709d71396)
2025/06/29 21:23:25 Received ACK from Master for worker worker-2: Success=true, Message=Status received
2025/06/29 21:23:30 Worker worker-2 sent status: BUSY (Test: 057358a4-1455-4c27-b440-da8709d71396)
2025/06/29 21:23:30 Received ACK from Master for worker worker-2: Success=true, Message=Status received
2025/06/29 21:23:31 Vegeta attack completed
2025/06/29 21:23:31 Worker worker-2 saving test result to database for test 057358a4-1455-4c27-b440-da8709d71396
2025/06/29 21:23:31 Worker worker-2 completed test 057358a4-1455-4c27-b440-da8709d71396 and saved results: TotalRequests=90, CompletedRequests=90, DurationMs=29665, SuccessRate=1.00
2025/06/29 21:23:31 Worker worker-2 sent status: FINISHING (Test: 057358a4-1455-4c27-b440-da8709d71396)
2025/06/29 21:23:31 Worker worker-2 finished test 057358a4-1455-4c27-b440-da8709d71396.
2025/06/29 21:23:31 Received ACK from Master for worker worker-2: Success=true, Message=Status received
2025/06/29 21:23:35 Worker worker-2 sent status: READY (Test: )
2025/06/29 21:23:35 Received ACK from Master for worker worker-2: Success=true, Message=Status received
2025/06/29 21:23:40 Worker worker-2 sent status: READY (Test: )
2025/06/29 21:23:40 Received ACK from Master for worker worker-2: Success=true, Message=Status received
2025/06/29 21:23:45 Worker worker-2 sent status: READY (Test: )
2025/06/29 21:23:45 Received ACK from Master for worker worker-2: Success=true, Message=Status received
2025/06/29 21:23:50 Worker worker-2 sent status: READY (Test: )
2025/06/29 21:23:50 Received ACK from Master for worker worker-2: Success=true, Message=Status received
2025/06/29 21:23:55 Worker worker-2 sent status: READY (Test: )
2025/06/29 21:23:55 Received ACK from Master for worker worker-2: Success=true, Message=Status received
2025/06/29 21:24:00 Worker worker-2 sent status: READY (Test: )
2025/06/29 21:24:00 Received ACK from Master for worker worker-2: Success=true, Message=Status received
2025/06/29 21:24:05 Worker worker-2 sent status: READY (Test: )
2025/06/29 21:24:05 Received ACK from Master for worker worker-2: Success=true, Message=Status received
2025/06/29 21:24:10 Worker worker-2 sent status: READY (Test: )
2025/06/29 21:24:10 Received ACK from Master for worker worker-2: Success=true, Message=Status received
2025/06/29 21:24:15 Worker worker-2 sent status: READY (Test: )
2025/06/29 21:24:15 Received ACK from Master for worker worker-2: Success=true, Message=Status received
2025/06/29 21:24:20 Worker worker-2 sent status: READY (Test: )
2025/06/29 21:24:20 Received ACK from Master for worker worker-2: Success=true, Message=Status received
2025/06/29 21:24:25 Worker worker-2 sent status: READY (Test: )
2025/06/29 21:24:25 Received ACK from Master for worker worker-2: Success=true, Message=Status received
2025/06/29 21:24:30 Worker worker-2 sent status: READY (Test: )
2025/06/29 21:24:30 Received ACK from Master for worker worker-2: Success=true, Message=Status received
2025/06/29 21:24:35 Worker worker-2 sent status: READY (Test: )
2025/06/29 21:24:35 Received ACK from Master for worker worker-2: Success=true, Message=Status received
2025/06/29 21:24:40 Worker worker-2 sent status: READY (Test: )
2025/06/29 21:24:40 Received ACK from Master for worker worker-2: Success=true, Message=Status received
2025/06/29 21:24:45 Worker worker-2 sent status: READY (Test: )
2025/06/29 21:24:45 Received ACK from Master for worker worker-2: Success=true, Message=Status received
2025/06/29 21:24:50 Worker worker-2 sent status: READY (Test: )
2025/06/29 21:24:50 Received ACK from Master for worker worker-2: Success=true, Message=Status received
2025/06/29 21:24:55 Worker worker-2 sent status: READY (Test: )
2025/06/29 21:24:55 Received ACK from Master for worker worker-2: Success=true, Message=Status received
2025/06/29 21:25:00 Worker worker-2 sent status: READY (Test: )
2025/06/29 21:25:00 Received ACK from Master for worker worker-2: Success=true, Message=Status received
2025/06/29 21:25:05 Worker worker-2 sent status: READY (Test: )
2025/06/29 21:25:05 Received ACK from Master for worker worker-2: Success=true, Message=Status received
2025/06/29 21:25:10 Worker worker-2 sent status: READY (Test: )
2025/06/29 21:25:10 Received ACK from Master for worker worker-2: Success=true, Message=Status received
2025/06/29 21:25:15 Worker worker-2 sent status: READY (Test: )
2025/06/29 21:25:15 Received ACK from Master for worker worker-2: Success=true, Message=Status received
2025/06/29 21:25:20 Worker worker-2 sent status: READY (Test: )
2025/06/29 21:25:20 Received ACK from Master for worker worker-2: Success=true, Message=Status received
2025/06/29 21:25:25 Worker worker-2 sent status: READY (Test: )
2025/06/29 21:25:25 Received ACK from Master for worker worker-2: Success=true, Message=Status received
2025/06/29 21:25:30 Worker worker-2 sent status: READY (Test: )
2025/06/29 21:25:30 Received ACK from Master for worker worker-2: Success=true, Message=Status received
2025/06/29 21:25:35 Worker worker-2 sent status: READY (Test: )
2025/06/29 21:25:35 Received ACK from Master for worker worker-2: Success=true, Message=Status received
2025/06/29 21:25:39 Worker received test assignment for Test ID: 0b21c669-b3e8-4a3e-937b-dc775a4ad68b
2025/06/29 21:25:39 Worker worker-2 starting test 0b21c669-b3e8-4a3e-937b-dc775a4ad68b...
2025/06/29 21:25:39 Worker worker-2 sent status: BUSY (Test: 0b21c669-b3e8-4a3e-937b-dc775a4ad68b)
2025/06/29 21:25:39 Starting Vegeta attack with duration=10s, rate=10, targetsBase64 length=84
2025/06/29 21:25:39 Decoded targets: [{"method":"GET","url":"https://dummyjson.com/http/200/test"}]
2025/06/29 21:25:39 Parsed 1 targets successfully
2025/06/29 21:25:39 Target 0: GET https://dummyjson.com/http/200/test
2025/06/29 21:25:39 Starting Vegeta attack: rate=Constant{10 hits/1s}, duration=10s, targets=1
2025/06/29 21:25:39 Received ACK from Master for worker worker-2: Success=true, Message=Status received
2025/06/29 21:25:39 Worker received test assignment for Test ID: 6cf07bdf-4018-42af-b77d-63f367ef6b0e
2025/06/29 21:25:39 Worker worker-2 starting test 6cf07bdf-4018-42af-b77d-63f367ef6b0e...
2025/06/29 21:25:39 Worker worker-2 sent status: BUSY (Test: 6cf07bdf-4018-42af-b77d-63f367ef6b0e)
2025/06/29 21:25:39 Starting Vegeta attack with duration=10s, rate=10, targetsBase64 length=84
2025/06/29 21:25:39 Decoded targets: [{"method":"GET","url":"https://dummyjson.com/http/200/test"}]
2025/06/29 21:25:39 Parsed 1 targets successfully
2025/06/29 21:25:39 Target 0: GET https://dummyjson.com/http/200/test
2025/06/29 21:25:39 Starting Vegeta attack: rate=Constant{10 hits/1s}, duration=10s, targets=1
2025/06/29 21:25:39 Received ACK from Master for worker worker-2: Success=true, Message=Status received
2025/06/29 21:25:39 Worker received test assignment for Test ID: eb51c435-d794-4312-ba1d-bcb9c125db7f
2025/06/29 21:25:39 Worker worker-2 starting test eb51c435-d794-4312-ba1d-bcb9c125db7f...
2025/06/29 21:25:39 Worker worker-2 sent status: BUSY (Test: eb51c435-d794-4312-ba1d-bcb9c125db7f)
2025/06/29 21:25:39 Starting Vegeta attack with duration=10s, rate=10, targetsBase64 length=84
2025/06/29 21:25:39 Decoded targets: [{"method":"GET","url":"https://dummyjson.com/http/200/test"}]
2025/06/29 21:25:39 Parsed 1 targets successfully
2025/06/29 21:25:39 Target 0: GET https://dummyjson.com/http/200/test
2025/06/29 21:25:39 Starting Vegeta attack: rate=Constant{10 hits/1s}, duration=10s, targets=1
2025/06/29 21:25:39 Received ACK from Master for worker worker-2: Success=true, Message=Status received
2025/06/29 21:25:39 Worker received test assignment for Test ID: 42eb6b1b-18a8-4dc2-9613-55cbe064cf12
2025/06/29 21:25:39 Worker worker-2 starting test 42eb6b1b-18a8-4dc2-9613-55cbe064cf12...
2025/06/29 21:25:39 Worker worker-2 sent status: BUSY (Test: 42eb6b1b-18a8-4dc2-9613-55cbe064cf12)
2025/06/29 21:25:39 Starting Vegeta attack with duration=10s, rate=10, targetsBase64 length=84
2025/06/29 21:25:39 Decoded targets: [{"method":"GET","url":"https://dummyjson.com/http/200/test"}]
2025/06/29 21:25:39 Parsed 1 targets successfully
2025/06/29 21:25:39 Target 0: GET https://dummyjson.com/http/200/test
2025/06/29 21:25:39 Starting Vegeta attack: rate=Constant{10 hits/1s}, duration=10s, targets=1
2025/06/29 21:25:39 Received ACK from Master for worker worker-2: Success=true, Message=Status received
2025/06/29 21:25:39 Worker received test assignment for Test ID: b726ccd8-46d5-4305-a0a4-c12ff0e09320
2025/06/29 21:25:39 Worker worker-2 starting test b726ccd8-46d5-4305-a0a4-c12ff0e09320...
2025/06/29 21:25:39 Worker worker-2 sent status: BUSY (Test: b726ccd8-46d5-4305-a0a4-c12ff0e09320)
2025/06/29 21:25:39 Starting Vegeta attack with duration=15s, rate=17, targetsBase64 length=84
2025/06/29 21:25:39 Decoded targets: [{"method":"GET","url":"https://dummyjson.com/http/200/test"}]
2025/06/29 21:25:39 Parsed 1 targets successfully
2025/06/29 21:25:39 Target 0: GET https://dummyjson.com/http/200/test
2025/06/29 21:25:39 Starting Vegeta attack: rate=Constant{17 hits/1s}, duration=15s, targets=1
2025/06/29 21:25:39 Received ACK from Master for worker worker-2: Success=true, Message=Status received
2025/06/29 21:25:39 Worker received test assignment for Test ID: a7848ea2-22d5-4d4c-87c6-2475a4fe3376
2025/06/29 21:25:39 Worker worker-2 starting test a7848ea2-22d5-4d4c-87c6-2475a4fe3376...
2025/06/29 21:25:39 Worker worker-2 sent status: BUSY (Test: a7848ea2-22d5-4d4c-87c6-2475a4fe3376)
2025/06/29 21:25:39 Starting Vegeta attack with duration=10s, rate=8, targetsBase64 length=84
2025/06/29 21:25:39 Decoded targets: [{"method":"GET","url":"https://dummyjson.com/http/200/test"}]
2025/06/29 21:25:39 Parsed 1 targets successfully
2025/06/29 21:25:39 Target 0: GET https://dummyjson.com/http/200/test
2025/06/29 21:25:39 Starting Vegeta attack: rate=Constant{8 hits/1s}, duration=10s, targets=1
2025/06/29 21:25:39 Received ACK from Master for worker worker-2: Success=true, Message=Status received
2025/06/29 21:25:39 Worker received test assignment for Test ID: 3eb06c8a-8f3a-4b40-ac6c-f4460de7a872
2025/06/29 21:25:39 Worker worker-2 starting test 3eb06c8a-8f3a-4b40-ac6c-f4460de7a872...
2025/06/29 21:25:39 Worker worker-2 sent status: BUSY (Test: 3eb06c8a-8f3a-4b40-ac6c-f4460de7a872)
2025/06/29 21:25:39 Starting Vegeta attack with duration=10s, rate=10, targetsBase64 length=84
2025/06/29 21:25:39 Decoded targets: [{"method":"GET","url":"https://dummyjson.com/http/200/test"}]
2025/06/29 21:25:39 Parsed 1 targets successfully
2025/06/29 21:25:39 Target 0: GET https://dummyjson.com/http/200/test
2025/06/29 21:25:39 Starting Vegeta attack: rate=Constant{10 hits/1s}, duration=10s, targets=1
2025/06/29 21:25:39 Received ACK from Master for worker worker-2: Success=true, Message=Status received
2025/06/29 21:25:39 Worker received test assignment for Test ID: efcb213e-5d28-4387-958c-aabffce3b68f
2025/06/29 21:25:39 Worker worker-2 starting test efcb213e-5d28-4387-958c-aabffce3b68f...
2025/06/29 21:25:39 Worker worker-2 sent status: BUSY (Test: efcb213e-5d28-4387-958c-aabffce3b68f)
2025/06/29 21:25:39 Starting Vegeta attack with duration=10s, rate=10, targetsBase64 length=84
2025/06/29 21:25:39 Decoded targets: [{"method":"GET","url":"https://dummyjson.com/http/200/test"}]
2025/06/29 21:25:39 Parsed 1 targets successfully
2025/06/29 21:25:39 Target 0: GET https://dummyjson.com/http/200/test
2025/06/29 21:25:39 Starting Vegeta attack: rate=Constant{10 hits/1s}, duration=10s, targets=1
2025/06/29 21:25:39 Received ACK from Master for worker worker-2: Success=true, Message=Status received
2025/06/29 21:25:39 Worker received test assignment for Test ID: 157ee288-71aa-4305-88a8-3aa0f7c3677e
2025/06/29 21:25:39 Worker worker-2 starting test 157ee288-71aa-4305-88a8-3aa0f7c3677e...
2025/06/29 21:25:39 Worker worker-2 sent status: BUSY (Test: 157ee288-71aa-4305-88a8-3aa0f7c3677e)
2025/06/29 21:25:39 Starting Vegeta attack with duration=10s, rate=10, targetsBase64 length=84
2025/06/29 21:25:39 Decoded targets: [{"method":"GET","url":"https://dummyjson.com/http/200/test"}]
2025/06/29 21:25:39 Parsed 1 targets successfully
2025/06/29 21:25:39 Target 0: GET https://dummyjson.com/http/200/test
2025/06/29 21:25:39 Starting Vegeta attack: rate=Constant{10 hits/1s}, duration=10s, targets=1
2025/06/29 21:25:39 Received ACK from Master for worker worker-2: Success=true, Message=Status received
2025/06/29 21:25:39 Worker received test assignment for Test ID: 1461af47-694e-4d0d-9add-0dd73a0de895
2025/06/29 21:25:39 Worker worker-2 starting test 1461af47-694e-4d0d-9add-0dd73a0de895...
2025/06/29 21:25:39 Worker worker-2 sent status: BUSY (Test: 1461af47-694e-4d0d-9add-0dd73a0de895)
2025/06/29 21:25:39 Starting Vegeta attack with duration=10s, rate=10, targetsBase64 length=84
2025/06/29 21:25:39 Decoded targets: [{"method":"GET","url":"https://dummyjson.com/http/200/test"}]
2025/06/29 21:25:39 Parsed 1 targets successfully
2025/06/29 21:25:39 Target 0: GET https://dummyjson.com/http/200/test
2025/06/29 21:25:39 Starting Vegeta attack: rate=Constant{10 hits/1s}, duration=10s, targets=1
2025/06/29 21:25:39 Received ACK from Master for worker worker-2: Success=true, Message=Status received
2025/06/29 21:25:40 Worker worker-2 sent status: BUSY (Test: 1461af47-694e-4d0d-9add-0dd73a0de895)
2025/06/29 21:25:40 Received ACK from Master for worker worker-2: Success=true, Message=Status received
2025/06/29 21:25:45 Worker worker-2 sent status: BUSY (Test: 1461af47-694e-4d0d-9add-0dd73a0de895)
2025/06/29 21:25:45 Received ACK from Master for worker worker-2: Success=true, Message=Status received
2025/06/29 21:25:49 Vegeta attack completed
2025/06/29 21:25:49 Worker worker-2 saving test result to database for test 0b21c669-b3e8-4a3e-937b-dc775a4ad68b
2025/06/29 21:25:49 Worker worker-2 completed test 0b21c669-b3e8-4a3e-937b-dc775a4ad68b and saved results: TotalRequests=100, CompletedRequests=100, DurationMs=9900, SuccessRate=0.45
2025/06/29 21:25:49 Worker worker-2 sent status: FINISHING (Test: 0b21c669-b3e8-4a3e-937b-dc775a4ad68b)
2025/06/29 21:25:49 Worker worker-2 finished test 0b21c669-b3e8-4a3e-937b-dc775a4ad68b.
2025/06/29 21:25:49 Received ACK from Master for worker worker-2: Success=true, Message=Status received
2025/06/29 21:25:49 Vegeta attack completed
2025/06/29 21:25:49 Worker worker-2 saving test result to database for test 6cf07bdf-4018-42af-b77d-63f367ef6b0e
2025/06/29 21:25:49 Worker worker-2 completed test 6cf07bdf-4018-42af-b77d-63f367ef6b0e and saved results: TotalRequests=100, CompletedRequests=100, DurationMs=9899, SuccessRate=0.47
2025/06/29 21:25:49 Worker worker-2 sent status: FINISHING (Test: 6cf07bdf-4018-42af-b77d-63f367ef6b0e)
2025/06/29 21:25:49 Worker worker-2 finished test 6cf07bdf-4018-42af-b77d-63f367ef6b0e.
2025/06/29 21:25:49 Received ACK from Master for worker worker-2: Success=true, Message=Status received
2025/06/29 21:25:49 Vegeta attack completed
2025/06/29 21:25:49 Worker worker-2 saving test result to database for test eb51c435-d794-4312-ba1d-bcb9c125db7f
2025/06/29 21:25:49 Worker worker-2 completed test eb51c435-d794-4312-ba1d-bcb9c125db7f and saved results: TotalRequests=100, CompletedRequests=100, DurationMs=9899, SuccessRate=0.61
2025/06/29 21:25:49 Worker worker-2 sent status: FINISHING (Test: eb51c435-d794-4312-ba1d-bcb9c125db7f)
2025/06/29 21:25:49 Worker worker-2 finished test eb51c435-d794-4312-ba1d-bcb9c125db7f.
2025/06/29 21:25:49 Received ACK from Master for worker worker-2: Success=true, Message=Status received
2025/06/29 21:25:49 Vegeta attack completed
2025/06/29 21:25:49 Worker worker-2 saving test result to database for test 42eb6b1b-18a8-4dc2-9613-55cbe064cf12
2025/06/29 21:25:49 Worker worker-2 completed test 42eb6b1b-18a8-4dc2-9613-55cbe064cf12 and saved results: TotalRequests=100, CompletedRequests=100, DurationMs=9900, SuccessRate=0.61
2025/06/29 21:25:49 Worker worker-2 sent status: FINISHING (Test: 42eb6b1b-18a8-4dc2-9613-55cbe064cf12)
2025/06/29 21:25:49 Worker worker-2 finished test 42eb6b1b-18a8-4dc2-9613-55cbe064cf12.
2025/06/29 21:25:49 Received ACK from Master for worker worker-2: Success=true, Message=Status received
2025/06/29 21:25:49 Vegeta attack completed
2025/06/29 21:25:49 Worker worker-2 saving test result to database for test a7848ea2-22d5-4d4c-87c6-2475a4fe3376
2025/06/29 21:25:49 Worker worker-2 completed test a7848ea2-22d5-4d4c-87c6-2475a4fe3376 and saved results: TotalRequests=80, CompletedRequests=80, DurationMs=9876, SuccessRate=0.57
2025/06/29 21:25:49 Worker worker-2 sent status: FINISHING (Test: a7848ea2-22d5-4d4c-87c6-2475a4fe3376)
2025/06/29 21:25:49 Worker worker-2 finished test a7848ea2-22d5-4d4c-87c6-2475a4fe3376.
2025/06/29 21:25:49 Received ACK from Master for worker worker-2: Success=true, Message=Status received
2025/06/29 21:25:49 Vegeta attack completed
2025/06/29 21:25:49 Worker worker-2 saving test result to database for test 3eb06c8a-8f3a-4b40-ac6c-f4460de7a872
2025/06/29 21:25:49 Worker worker-2 completed test 3eb06c8a-8f3a-4b40-ac6c-f4460de7a872 and saved results: TotalRequests=100, CompletedRequests=100, DurationMs=9900, SuccessRate=0.44
2025/06/29 21:25:49 Worker worker-2 sent status: FINISHING (Test: 3eb06c8a-8f3a-4b40-ac6c-f4460de7a872)
2025/06/29 21:25:49 Worker worker-2 finished test 3eb06c8a-8f3a-4b40-ac6c-f4460de7a872.
2025/06/29 21:25:49 Received ACK from Master for worker worker-2: Success=true, Message=Status received
2025/06/29 21:25:49 Vegeta attack completed
2025/06/29 21:25:49 Worker worker-2 saving test result to database for test efcb213e-5d28-4387-958c-aabffce3b68f
2025/06/29 21:25:49 Worker worker-2 completed test efcb213e-5d28-4387-958c-aabffce3b68f and saved results: TotalRequests=100, CompletedRequests=100, DurationMs=9899, SuccessRate=0.48
2025/06/29 21:25:49 Worker worker-2 sent status: FINISHING (Test: efcb213e-5d28-4387-958c-aabffce3b68f)
2025/06/29 21:25:49 Worker worker-2 finished test efcb213e-5d28-4387-958c-aabffce3b68f.
2025/06/29 21:25:49 Received ACK from Master for worker worker-2: Success=true, Message=Status received
2025/06/29 21:25:49 Vegeta attack completed
2025/06/29 21:25:49 Worker worker-2 saving test result to database for test 157ee288-71aa-4305-88a8-3aa0f7c3677e
2025/06/29 21:25:49 Worker worker-2 completed test 157ee288-71aa-4305-88a8-3aa0f7c3677e and saved results: TotalRequests=100, CompletedRequests=100, DurationMs=9900, SuccessRate=0.46
2025/06/29 21:25:49 Worker worker-2 sent status: FINISHING (Test: 157ee288-71aa-4305-88a8-3aa0f7c3677e)
2025/06/29 21:25:49 Worker worker-2 finished test 157ee288-71aa-4305-88a8-3aa0f7c3677e.
2025/06/29 21:25:49 Received ACK from Master for worker worker-2: Success=true, Message=Status received
2025/06/29 21:25:49 Vegeta attack completed
2025/06/29 21:25:49 Worker worker-2 saving test result to database for test 1461af47-694e-4d0d-9add-0dd73a0de895
2025/06/29 21:25:49 Worker worker-2 completed test 1461af47-694e-4d0d-9add-0dd73a0de895 and saved results: TotalRequests=100, CompletedRequests=100, DurationMs=9900, SuccessRate=0.52
2025/06/29 21:25:49 Worker worker-2 sent status: FINISHING (Test: 1461af47-694e-4d0d-9add-0dd73a0de895)
2025/06/29 21:25:49 Worker worker-2 finished test 1461af47-694e-4d0d-9add-0dd73a0de895.
2025/06/29 21:25:49 Received ACK from Master for worker worker-2: Success=true, Message=Status received
2025/06/29 21:25:50 Worker worker-2 sent status: READY (Test: )
2025/06/29 21:25:50 Received ACK from Master for worker worker-2: Success=true, Message=Status received
2025/06/29 21:25:54 Vegeta attack completed
2025/06/29 21:25:54 Worker worker-2 saving test result to database for test b726ccd8-46d5-4305-a0a4-c12ff0e09320
2025/06/29 21:25:54 Worker worker-2 completed test b726ccd8-46d5-4305-a0a4-c12ff0e09320 and saved results: TotalRequests=255, CompletedRequests=255, DurationMs=14941, SuccessRate=0.49
2025/06/29 21:25:54 Worker worker-2 sent status: FINISHING (Test: b726ccd8-46d5-4305-a0a4-c12ff0e09320)
2025/06/29 21:25:54 Worker worker-2 finished test b726ccd8-46d5-4305-a0a4-c12ff0e09320.
2025/06/29 21:25:54 Received ACK from Master for worker worker-2: Success=true, Message=Status received
2025/06/29 21:25:55 Worker worker-2 sent status: READY (Test: )
2025/06/29 21:25:55 Received ACK from Master for worker worker-2: Success=true, Message=Status received
2025/06/29 21:26:00 Worker worker-2 sent status: READY (Test: )
2025/06/29 21:26:00 Received ACK from Master for worker worker-2: Success=true, Message=Status received
2025/06/29 21:26:05 Worker worker-2 sent status: READY (Test: )
2025/06/29 21:26:05 Received ACK from Master for worker worker-2: Success=true, Message=Status received
2025/06/29 21:26:10 Worker worker-2 sent status: READY (Test: )
2025/06/29 21:26:10 Received ACK from Master for worker worker-2: Success=true, Message=Status received
2025/06/29 21:26:15 Worker worker-2 sent status: READY (Test: )
2025/06/29 21:26:15 Received ACK from Master for worker worker-2: Success=true, Message=Status received
2025/06/29 21:26:20 Worker worker-2 sent status: READY (Test: )
2025/06/29 21:26:20 Received ACK from Master for worker worker-2: Success=true, Message=Status received
2025/06/29 21:26:25 Worker worker-2 sent status: READY (Test: )
2025/06/29 21:26:25 Received ACK from Master for worker worker-2: Success=true, Message=Status received
2025/06/29 21:26:30 Worker worker-2 sent status: READY (Test: )
2025/06/29 21:26:30 Received ACK from Master for worker worker-2: Success=true, Message=Status received
2025/06/29 21:26:35 Worker worker-2 sent status: READY (Test: )
2025/06/29 21:26:35 Received ACK from Master for worker worker-2: Success=true, Message=Status received
2025/06/29 21:26:40 Worker worker-2 sent status: READY (Test: )
2025/06/29 21:26:40 Received ACK from Master for worker worker-2: Success=true, Message=Status received
2025/06/29 21:26:45 Worker worker-2 sent status: READY (Test: )
2025/06/29 21:26:45 Received ACK from Master for worker worker-2: Success=true, Message=Status received
2025/06/29 21:26:50 Worker worker-2 sent status: READY (Test: )
2025/06/29 21:26:50 Received ACK from Master for worker worker-2: Success=true, Message=Status received
2025/06/29 21:26:55 Worker worker-2 sent status: READY (Test: )
2025/06/29 21:26:55 Received ACK from Master for worker worker-2: Success=true, Message=Status received
2025/06/29 21:27:00 Worker worker-2 sent status: READY (Test: )
2025/06/29 21:27:00 Received ACK from Master for worker worker-2: Success=true, Message=Status received
2025/06/29 21:27:01 Worker received test assignment for Test ID: 27974e26-6f46-403d-8981-54d02d428e81
2025/06/29 21:27:01 Worker worker-2 starting test 27974e26-6f46-403d-8981-54d02d428e81...
2025/06/29 21:27:01 Worker worker-2 sent status: BUSY (Test: 27974e26-6f46-403d-8981-54d02d428e81)
2025/06/29 21:27:01 Starting Vegeta attack with duration=10s, rate=10, targetsBase64 length=84
2025/06/29 21:27:01 Decoded targets: [{"method":"GET","url":"https://dummyjson.com/http/200/test"}]
2025/06/29 21:27:01 Parsed 1 targets successfully
2025/06/29 21:27:01 Target 0: GET https://dummyjson.com/http/200/test
2025/06/29 21:27:01 Starting Vegeta attack: rate=Constant{10 hits/1s}, duration=10s, targets=1
2025/06/29 21:27:01 Received ACK from Master for worker worker-2: Success=true, Message=Status received
2025/06/29 21:27:05 Worker worker-2 sent status: BUSY (Test: 27974e26-6f46-403d-8981-54d02d428e81)
2025/06/29 21:27:05 Received ACK from Master for worker worker-2: Success=true, Message=Status received
2025/06/29 21:27:10 Worker worker-2 sent status: BUSY (Test: 27974e26-6f46-403d-8981-54d02d428e81)
2025/06/29 21:27:10 Received ACK from Master for worker worker-2: Success=true, Message=Status received
2025/06/29 21:27:11 Vegeta attack completed
2025/06/29 21:27:11 Worker worker-2 saving test result to database for test 27974e26-6f46-403d-8981-54d02d428e81
2025/06/29 21:27:11 Worker worker-2 completed test 27974e26-6f46-403d-8981-54d02d428e81 and saved results: TotalRequests=100, CompletedRequests=100, DurationMs=9895, SuccessRate=1.00
2025/06/29 21:27:11 Worker worker-2 sent status: FINISHING (Test: 27974e26-6f46-403d-8981-54d02d428e81)
2025/06/29 21:27:11 Worker worker-2 finished test 27974e26-6f46-403d-8981-54d02d428e81.
2025/06/29 21:27:11 Received ACK from Master for worker worker-2: Success=true, Message=Status received
2025/06/29 21:27:15 Worker worker-2 sent status: READY (Test: )
2025/06/29 21:27:15 Received ACK from Master for worker worker-2: Success=true, Message=Status received
2025/06/29 21:27:20 Worker worker-2 sent status: READY (Test: )
2025/06/29 21:27:20 Received ACK from Master for worker worker-2: Success=true, Message=Status received
2025/06/29 21:27:25 Worker worker-2 sent status: READY (Test: )
2025/06/29 21:27:25 Received ACK from Master for worker worker-2: Success=true, Message=Status received
2025/06/29 21:27:30 Worker worker-2 sent status: READY (Test: )
2025/06/29 21:27:30 Received ACK from Master for worker worker-2: Success=true, Message=Status received
2025/06/29 21:27:35 Worker worker-2 sent status: READY (Test: )
2025/06/29 21:27:35 Received ACK from Master for worker worker-2: Success=true, Message=Status received
2025/06/29 21:27:40 Worker worker-2 sent status: READY (Test: )
2025/06/29 21:27:40 Received ACK from Master for worker worker-2: Success=true, Message=Status received
