2025/06/30 09:34:48 🎯 Generated memorable worker name: SuperCoralNinja-M8FT (Display: Super Coral Ninja)
2025/06/30 09:34:48 Worker SuperCoralNinja-M8FT starting lifecycle...
2025/06/30 09:34:48 Worker gRPC server starting on port 50001...
2025/06/30 09:34:48 Attempting to register worker SuperCoralNinja-M8FT with master at 192.168.1.11:50001
2025/06/30 09:34:48 Worker SuperCoralNinja-M8FT registered successfully with master.
2025/06/30 09:34:48 Worker SuperCoralNinja-M8FT established bidirectional status stream to master.
2025/06/30 09:34:48 Worker SuperCoralNinja-M8FT sent status: READY (Test: )
2025/06/30 09:34:48 Received ACK from Master for worker SuperCoralNinja-M8FT: Success=true, Message=Status received
2025/06/30 09:34:53 Worker SuperCoralNinja-M8FT sent status: READY (Test: )
2025/06/30 09:34:53 Received ACK from Master for worker SuperCoralNinja-M8FT: Success=true, Message=Status received
2025/06/30 09:34:58 Worker SuperCoralNinja-M8FT sent status: READY (Test: )
2025/06/30 09:34:58 Received ACK from Master for worker SuperCoralNinja-M8FT: Success=true, Message=Status received
2025/06/30 09:35:03 Worker SuperCoralNinja-M8FT sent status: READY (Test: )
2025/06/30 09:35:03 Received ACK from Master for worker SuperCoralNinja-M8FT: Success=true, Message=Status received
2025/06/30 09:35:08 Worker SuperCoralNinja-M8FT sent status: READY (Test: )
2025/06/30 09:35:08 Received ACK from Master for worker SuperCoralNinja-M8FT: Success=true, Message=Status received
2025/06/30 09:35:13 Worker SuperCoralNinja-M8FT sent status: READY (Test: )
2025/06/30 09:35:13 Received ACK from Master for worker SuperCoralNinja-M8FT: Success=true, Message=Status received
2025/06/30 09:35:18 Worker SuperCoralNinja-M8FT sent status: READY (Test: )
2025/06/30 09:35:18 Received ACK from Master for worker SuperCoralNinja-M8FT: Success=true, Message=Status received
2025/06/30 09:35:23 Worker SuperCoralNinja-M8FT sent status: READY (Test: )
2025/06/30 09:35:23 Received ACK from Master for worker SuperCoralNinja-M8FT: Success=true, Message=Status received
2025/06/30 09:35:28 Worker SuperCoralNinja-M8FT sent status: READY (Test: )
2025/06/30 09:35:28 Received ACK from Master for worker SuperCoralNinja-M8FT: Success=true, Message=Status received
2025/06/30 09:35:33 Worker SuperCoralNinja-M8FT sent status: READY (Test: )
2025/06/30 09:35:33 Received ACK from Master for worker SuperCoralNinja-M8FT: Success=true, Message=Status received
2025/06/30 09:35:38 Worker SuperCoralNinja-M8FT sent status: READY (Test: )
2025/06/30 09:35:38 Received ACK from Master for worker SuperCoralNinja-M8FT: Success=true, Message=Status received
2025/06/30 09:35:43 Worker SuperCoralNinja-M8FT sent status: READY (Test: )
2025/06/30 09:35:43 Received ACK from Master for worker SuperCoralNinja-M8FT: Success=true, Message=Status received
2025/06/30 09:35:48 Worker SuperCoralNinja-M8FT sent status: READY (Test: )
2025/06/30 09:35:48 Received ACK from Master for worker SuperCoralNinja-M8FT: Success=true, Message=Status received
2025/06/30 09:35:53 Worker SuperCoralNinja-M8FT sent status: READY (Test: )
2025/06/30 09:35:53 Received ACK from Master for worker SuperCoralNinja-M8FT: Success=true, Message=Status received
2025/06/30 09:35:58 Worker SuperCoralNinja-M8FT sent status: READY (Test: )
2025/06/30 09:35:58 Received ACK from Master for worker SuperCoralNinja-M8FT: Success=true, Message=Status received
2025/06/30 09:36:03 Worker SuperCoralNinja-M8FT sent status: READY (Test: )
2025/06/30 09:36:03 Received ACK from Master for worker SuperCoralNinja-M8FT: Success=true, Message=Status received
2025/06/30 09:36:08 Worker SuperCoralNinja-M8FT sent status: READY (Test: )
2025/06/30 09:36:08 Received ACK from Master for worker SuperCoralNinja-M8FT: Success=true, Message=Status received
2025/06/30 09:36:13 Worker SuperCoralNinja-M8FT sent status: READY (Test: )
2025/06/30 09:36:13 Received ACK from Master for worker SuperCoralNinja-M8FT: Success=true, Message=Status received
2025/06/30 09:36:18 Worker SuperCoralNinja-M8FT sent status: READY (Test: )
2025/06/30 09:36:18 Received ACK from Master for worker SuperCoralNinja-M8FT: Success=true, Message=Status received
2025/06/30 09:36:23 Worker SuperCoralNinja-M8FT sent status: READY (Test: )
2025/06/30 09:36:23 Received ACK from Master for worker SuperCoralNinja-M8FT: Success=true, Message=Status received
2025/06/30 09:36:28 Worker SuperCoralNinja-M8FT sent status: READY (Test: )
2025/06/30 09:36:28 Received ACK from Master for worker SuperCoralNinja-M8FT: Success=true, Message=Status received
2025/06/30 09:36:33 Worker SuperCoralNinja-M8FT sent status: READY (Test: )
2025/06/30 09:36:33 Received ACK from Master for worker SuperCoralNinja-M8FT: Success=true, Message=Status received
2025/06/30 09:36:38 Worker SuperCoralNinja-M8FT sent status: READY (Test: )
2025/06/30 09:36:38 Received ACK from Master for worker SuperCoralNinja-M8FT: Success=true, Message=Status received
2025/06/30 09:36:43 Worker SuperCoralNinja-M8FT sent status: READY (Test: )
2025/06/30 09:36:43 Received ACK from Master for worker SuperCoralNinja-M8FT: Success=true, Message=Status received
2025/06/30 09:36:48 Worker SuperCoralNinja-M8FT sent status: READY (Test: )
2025/06/30 09:36:48 Received ACK from Master for worker SuperCoralNinja-M8FT: Success=true, Message=Status received
2025/06/30 09:36:53 Worker SuperCoralNinja-M8FT sent status: READY (Test: )
2025/06/30 09:36:53 Received ACK from Master for worker SuperCoralNinja-M8FT: Success=true, Message=Status received
2025/06/30 09:36:58 Worker SuperCoralNinja-M8FT sent status: READY (Test: )
2025/06/30 09:36:58 Received ACK from Master for worker SuperCoralNinja-M8FT: Success=true, Message=Status received
2025/06/30 09:37:03 Worker SuperCoralNinja-M8FT sent status: READY (Test: )
2025/06/30 09:37:03 Received ACK from Master for worker SuperCoralNinja-M8FT: Success=true, Message=Status received
2025/06/30 09:37:08 Worker SuperCoralNinja-M8FT sent status: READY (Test: )
2025/06/30 09:37:08 Received ACK from Master for worker SuperCoralNinja-M8FT: Success=true, Message=Status received
2025/06/30 09:37:13 Worker SuperCoralNinja-M8FT sent status: READY (Test: )
2025/06/30 09:37:13 Received ACK from Master for worker SuperCoralNinja-M8FT: Success=true, Message=Status received
2025/06/30 09:37:18 Worker SuperCoralNinja-M8FT sent status: READY (Test: )
2025/06/30 09:37:18 Received ACK from Master for worker SuperCoralNinja-M8FT: Success=true, Message=Status received
2025/06/30 09:37:23 Worker SuperCoralNinja-M8FT sent status: READY (Test: )
2025/06/30 09:37:23 Received ACK from Master for worker SuperCoralNinja-M8FT: Success=true, Message=Status received
2025/06/30 09:37:28 Worker SuperCoralNinja-M8FT sent status: READY (Test: )
2025/06/30 09:37:28 Received ACK from Master for worker SuperCoralNinja-M8FT: Success=true, Message=Status received
2025/06/30 09:37:33 Worker SuperCoralNinja-M8FT sent status: READY (Test: )
2025/06/30 09:37:33 Received ACK from Master for worker SuperCoralNinja-M8FT: Success=true, Message=Status received
2025/06/30 09:37:38 Worker SuperCoralNinja-M8FT sent status: READY (Test: )
2025/06/30 09:37:38 Received ACK from Master for worker SuperCoralNinja-M8FT: Success=true, Message=Status received
2025/06/30 09:37:43 Worker SuperCoralNinja-M8FT sent status: READY (Test: )
2025/06/30 09:37:43 Received ACK from Master for worker SuperCoralNinja-M8FT: Success=true, Message=Status received
2025/06/30 09:37:48 Worker SuperCoralNinja-M8FT sent status: READY (Test: )
2025/06/30 09:37:48 Received ACK from Master for worker SuperCoralNinja-M8FT: Success=true, Message=Status received
2025/06/30 09:37:53 Worker SuperCoralNinja-M8FT sent status: READY (Test: )
2025/06/30 09:37:53 Received ACK from Master for worker SuperCoralNinja-M8FT: Success=true, Message=Status received
2025/06/30 09:37:58 Worker SuperCoralNinja-M8FT sent status: READY (Test: )
2025/06/30 09:37:58 Received ACK from Master for worker SuperCoralNinja-M8FT: Success=true, Message=Status received
2025/06/30 09:38:03 Worker SuperCoralNinja-M8FT sent status: READY (Test: )
2025/06/30 09:38:03 Received ACK from Master for worker SuperCoralNinja-M8FT: Success=true, Message=Status received
2025/06/30 09:38:08 Worker SuperCoralNinja-M8FT sent status: READY (Test: )
2025/06/30 09:38:08 Received ACK from Master for worker SuperCoralNinja-M8FT: Success=true, Message=Status received
2025/06/30 09:38:13 Worker SuperCoralNinja-M8FT sent status: READY (Test: )
2025/06/30 09:38:13 Received ACK from Master for worker SuperCoralNinja-M8FT: Success=true, Message=Status received
2025/06/30 09:38:18 Worker SuperCoralNinja-M8FT sent status: READY (Test: )
2025/06/30 09:38:18 Received ACK from Master for worker SuperCoralNinja-M8FT: Success=true, Message=Status received
2025/06/30 09:38:23 Worker SuperCoralNinja-M8FT sent status: READY (Test: )
2025/06/30 09:38:23 Received ACK from Master for worker SuperCoralNinja-M8FT: Success=true, Message=Status received
2025/06/30 09:38:28 Worker SuperCoralNinja-M8FT sent status: READY (Test: )
2025/06/30 09:38:28 Received ACK from Master for worker SuperCoralNinja-M8FT: Success=true, Message=Status received
2025/06/30 09:38:33 Worker SuperCoralNinja-M8FT sent status: READY (Test: )
2025/06/30 09:38:33 Received ACK from Master for worker SuperCoralNinja-M8FT: Success=true, Message=Status received
2025/06/30 09:38:38 Worker SuperCoralNinja-M8FT sent status: READY (Test: )
2025/06/30 09:38:38 Received ACK from Master for worker SuperCoralNinja-M8FT: Success=true, Message=Status received
2025/06/30 09:38:43 Worker SuperCoralNinja-M8FT sent status: READY (Test: )
2025/06/30 09:38:43 Received ACK from Master for worker SuperCoralNinja-M8FT: Success=true, Message=Status received
2025/06/30 09:38:48 Worker SuperCoralNinja-M8FT sent status: READY (Test: )
2025/06/30 09:38:48 Received ACK from Master for worker SuperCoralNinja-M8FT: Success=true, Message=Status received
2025/06/30 09:38:53 Worker SuperCoralNinja-M8FT sent status: READY (Test: )
2025/06/30 09:38:53 Received ACK from Master for worker SuperCoralNinja-M8FT: Success=true, Message=Status received
2025/06/30 09:38:58 Worker SuperCoralNinja-M8FT sent status: READY (Test: )
2025/06/30 09:38:58 Received ACK from Master for worker SuperCoralNinja-M8FT: Success=true, Message=Status received
2025/06/30 09:39:03 Worker SuperCoralNinja-M8FT sent status: READY (Test: )
2025/06/30 09:39:03 Received ACK from Master for worker SuperCoralNinja-M8FT: Success=true, Message=Status received
2025/06/30 09:39:08 Worker SuperCoralNinja-M8FT sent status: READY (Test: )
2025/06/30 09:39:08 Received ACK from Master for worker SuperCoralNinja-M8FT: Success=true, Message=Status received
2025/06/30 09:39:13 Worker SuperCoralNinja-M8FT sent status: READY (Test: )
2025/06/30 09:39:13 Received ACK from Master for worker SuperCoralNinja-M8FT: Success=true, Message=Status received
2025/06/30 09:39:18 Worker SuperCoralNinja-M8FT sent status: READY (Test: )
2025/06/30 09:39:18 Received ACK from Master for worker SuperCoralNinja-M8FT: Success=true, Message=Status received
2025/06/30 09:39:23 Worker SuperCoralNinja-M8FT sent status: READY (Test: )
2025/06/30 09:39:23 Received ACK from Master for worker SuperCoralNinja-M8FT: Success=true, Message=Status received
2025/06/30 09:39:28 Worker SuperCoralNinja-M8FT sent status: READY (Test: )
2025/06/30 09:39:28 Received ACK from Master for worker SuperCoralNinja-M8FT: Success=true, Message=Status received
2025/06/30 09:39:33 Worker SuperCoralNinja-M8FT sent status: READY (Test: )
2025/06/30 09:39:33 Received ACK from Master for worker SuperCoralNinja-M8FT: Success=true, Message=Status received
2025/06/30 09:39:38 Worker SuperCoralNinja-M8FT sent status: READY (Test: )
2025/06/30 09:39:38 Received ACK from Master for worker SuperCoralNinja-M8FT: Success=true, Message=Status received
2025/06/30 09:39:43 Worker SuperCoralNinja-M8FT sent status: READY (Test: )
2025/06/30 09:39:43 Received ACK from Master for worker SuperCoralNinja-M8FT: Success=true, Message=Status received
2025/06/30 09:39:48 Worker SuperCoralNinja-M8FT sent status: READY (Test: )
2025/06/30 09:39:48 Received ACK from Master for worker SuperCoralNinja-M8FT: Success=true, Message=Status received
2025/06/30 09:39:53 Worker SuperCoralNinja-M8FT sent status: READY (Test: )
2025/06/30 09:39:53 Received ACK from Master for worker SuperCoralNinja-M8FT: Success=true, Message=Status received
2025/06/30 09:39:58 Worker SuperCoralNinja-M8FT sent status: READY (Test: )
2025/06/30 09:39:58 Received ACK from Master for worker SuperCoralNinja-M8FT: Success=true, Message=Status received
2025/06/30 09:40:03 Worker SuperCoralNinja-M8FT sent status: READY (Test: )
2025/06/30 09:40:03 Received ACK from Master for worker SuperCoralNinja-M8FT: Success=true, Message=Status received
2025/06/30 09:40:08 Worker SuperCoralNinja-M8FT sent status: READY (Test: )
2025/06/30 09:40:08 Received ACK from Master for worker SuperCoralNinja-M8FT: Success=true, Message=Status received
2025/06/30 09:40:13 Worker SuperCoralNinja-M8FT sent status: READY (Test: )
2025/06/30 09:40:13 Received ACK from Master for worker SuperCoralNinja-M8FT: Success=true, Message=Status received
2025/06/30 09:40:18 Worker SuperCoralNinja-M8FT sent status: READY (Test: )
2025/06/30 09:40:18 Received ACK from Master for worker SuperCoralNinja-M8FT: Success=true, Message=Status received
2025/06/30 09:40:23 Worker SuperCoralNinja-M8FT sent status: READY (Test: )
2025/06/30 09:40:23 Received ACK from Master for worker SuperCoralNinja-M8FT: Success=true, Message=Status received
2025/06/30 09:40:28 Worker SuperCoralNinja-M8FT sent status: READY (Test: )
2025/06/30 09:40:28 Received ACK from Master for worker SuperCoralNinja-M8FT: Success=true, Message=Status received
2025/06/30 09:40:33 Worker SuperCoralNinja-M8FT sent status: READY (Test: )
2025/06/30 09:40:33 Received ACK from Master for worker SuperCoralNinja-M8FT: Success=true, Message=Status received
2025/06/30 09:40:38 Worker SuperCoralNinja-M8FT sent status: READY (Test: )
2025/06/30 09:40:38 Received ACK from Master for worker SuperCoralNinja-M8FT: Success=true, Message=Status received
2025/06/30 09:40:43 Worker SuperCoralNinja-M8FT sent status: READY (Test: )
2025/06/30 09:40:43 Received ACK from Master for worker SuperCoralNinja-M8FT: Success=true, Message=Status received
2025/06/30 09:40:48 Worker SuperCoralNinja-M8FT sent status: READY (Test: )
2025/06/30 09:40:48 Received ACK from Master for worker SuperCoralNinja-M8FT: Success=true, Message=Status received
2025/06/30 09:40:53 Worker SuperCoralNinja-M8FT sent status: READY (Test: )
2025/06/30 09:40:53 Received ACK from Master for worker SuperCoralNinja-M8FT: Success=true, Message=Status received
2025/06/30 09:40:58 Worker SuperCoralNinja-M8FT sent status: READY (Test: )
2025/06/30 09:40:58 Received ACK from Master for worker SuperCoralNinja-M8FT: Success=true, Message=Status received
2025/06/30 09:41:03 Worker SuperCoralNinja-M8FT sent status: READY (Test: )
2025/06/30 09:41:03 Received ACK from Master for worker SuperCoralNinja-M8FT: Success=true, Message=Status received
2025/06/30 09:41:08 Worker SuperCoralNinja-M8FT sent status: READY (Test: )
2025/06/30 09:41:08 Received ACK from Master for worker SuperCoralNinja-M8FT: Success=true, Message=Status received
2025/06/30 09:41:13 Worker SuperCoralNinja-M8FT sent status: READY (Test: )
2025/06/30 09:41:13 Received ACK from Master for worker SuperCoralNinja-M8FT: Success=true, Message=Status received
2025/06/30 09:41:18 Worker SuperCoralNinja-M8FT sent status: READY (Test: )
2025/06/30 09:41:18 Received ACK from Master for worker SuperCoralNinja-M8FT: Success=true, Message=Status received
2025/06/30 09:41:23 Worker SuperCoralNinja-M8FT sent status: READY (Test: )
2025/06/30 09:41:23 Received ACK from Master for worker SuperCoralNinja-M8FT: Success=true, Message=Status received
2025/06/30 09:41:28 Worker SuperCoralNinja-M8FT sent status: READY (Test: )
2025/06/30 09:41:28 Received ACK from Master for worker SuperCoralNinja-M8FT: Success=true, Message=Status received
2025/06/30 09:41:33 Worker SuperCoralNinja-M8FT sent status: READY (Test: )
2025/06/30 09:41:33 Received ACK from Master for worker SuperCoralNinja-M8FT: Success=true, Message=Status received
2025/06/30 09:41:38 Worker SuperCoralNinja-M8FT sent status: READY (Test: )
2025/06/30 09:41:38 Received ACK from Master for worker SuperCoralNinja-M8FT: Success=true, Message=Status received
2025/06/30 09:41:43 Worker SuperCoralNinja-M8FT sent status: READY (Test: )
2025/06/30 09:41:43 Received ACK from Master for worker SuperCoralNinja-M8FT: Success=true, Message=Status received
2025/06/30 09:41:48 Worker SuperCoralNinja-M8FT sent status: READY (Test: )
2025/06/30 09:41:48 Received ACK from Master for worker SuperCoralNinja-M8FT: Success=true, Message=Status received
2025/06/30 09:41:53 Worker SuperCoralNinja-M8FT sent status: READY (Test: )
2025/06/30 09:41:53 Received ACK from Master for worker SuperCoralNinja-M8FT: Success=true, Message=Status received
2025/06/30 09:41:58 Worker SuperCoralNinja-M8FT sent status: READY (Test: )
2025/06/30 09:41:58 Received ACK from Master for worker SuperCoralNinja-M8FT: Success=true, Message=Status received
2025/06/30 09:42:03 Worker SuperCoralNinja-M8FT sent status: READY (Test: )
2025/06/30 09:42:03 Received ACK from Master for worker SuperCoralNinja-M8FT: Success=true, Message=Status received
2025/06/30 09:42:08 Worker SuperCoralNinja-M8FT sent status: READY (Test: )
2025/06/30 09:42:08 Received ACK from Master for worker SuperCoralNinja-M8FT: Success=true, Message=Status received
2025/06/30 09:42:13 Worker SuperCoralNinja-M8FT sent status: READY (Test: )
2025/06/30 09:42:13 Received ACK from Master for worker SuperCoralNinja-M8FT: Success=true, Message=Status received
2025/06/30 09:42:18 Worker SuperCoralNinja-M8FT sent status: READY (Test: )
2025/06/30 09:42:18 Received ACK from Master for worker SuperCoralNinja-M8FT: Success=true, Message=Status received
2025/06/30 09:42:23 Worker SuperCoralNinja-M8FT sent status: READY (Test: )
2025/06/30 09:42:23 Received ACK from Master for worker SuperCoralNinja-M8FT: Success=true, Message=Status received
2025/06/30 09:42:28 Worker SuperCoralNinja-M8FT sent status: READY (Test: )
2025/06/30 09:42:28 Received ACK from Master for worker SuperCoralNinja-M8FT: Success=true, Message=Status received
2025/06/30 09:42:33 Worker SuperCoralNinja-M8FT sent status: READY (Test: )
2025/06/30 09:42:33 Received ACK from Master for worker SuperCoralNinja-M8FT: Success=true, Message=Status received
2025/06/30 09:42:38 Worker SuperCoralNinja-M8FT sent status: READY (Test: )
2025/06/30 09:42:38 Received ACK from Master for worker SuperCoralNinja-M8FT: Success=true, Message=Status received
2025/06/30 09:42:43 Worker SuperCoralNinja-M8FT sent status: READY (Test: )
2025/06/30 09:42:43 Received ACK from Master for worker SuperCoralNinja-M8FT: Success=true, Message=Status received
2025/06/30 09:42:48 Worker SuperCoralNinja-M8FT sent status: READY (Test: )
2025/06/30 09:42:48 Received ACK from Master for worker SuperCoralNinja-M8FT: Success=true, Message=Status received
2025/06/30 09:42:53 Worker SuperCoralNinja-M8FT sent status: READY (Test: )
2025/06/30 09:42:53 Received ACK from Master for worker SuperCoralNinja-M8FT: Success=true, Message=Status received
2025/06/30 09:42:58 Worker SuperCoralNinja-M8FT sent status: READY (Test: )
2025/06/30 09:42:58 Received ACK from Master for worker SuperCoralNinja-M8FT: Success=true, Message=Status received
2025/06/30 09:43:03 Worker SuperCoralNinja-M8FT sent status: READY (Test: )
2025/06/30 09:43:03 Received ACK from Master for worker SuperCoralNinja-M8FT: Success=true, Message=Status received
2025/06/30 09:43:08 Worker SuperCoralNinja-M8FT sent status: READY (Test: )
2025/06/30 09:43:08 Received ACK from Master for worker SuperCoralNinja-M8FT: Success=true, Message=Status received
2025/06/30 09:43:13 Worker SuperCoralNinja-M8FT sent status: READY (Test: )
2025/06/30 09:43:13 Received ACK from Master for worker SuperCoralNinja-M8FT: Success=true, Message=Status received
2025/06/30 09:43:18 Worker SuperCoralNinja-M8FT sent status: READY (Test: )
2025/06/30 09:43:18 Received ACK from Master for worker SuperCoralNinja-M8FT: Success=true, Message=Status received
2025/06/30 09:43:23 Worker SuperCoralNinja-M8FT sent status: READY (Test: )
2025/06/30 09:43:23 Received ACK from Master for worker SuperCoralNinja-M8FT: Success=true, Message=Status received
2025/06/30 09:43:28 Worker SuperCoralNinja-M8FT sent status: READY (Test: )
2025/06/30 09:43:28 Received ACK from Master for worker SuperCoralNinja-M8FT: Success=true, Message=Status received
2025/06/30 09:43:33 Worker SuperCoralNinja-M8FT sent status: READY (Test: )
2025/06/30 09:43:33 Received ACK from Master for worker SuperCoralNinja-M8FT: Success=true, Message=Status received
2025/06/30 09:43:38 Worker SuperCoralNinja-M8FT sent status: READY (Test: )
2025/06/30 09:43:38 Received ACK from Master for worker SuperCoralNinja-M8FT: Success=true, Message=Status received
2025/06/30 09:43:43 Worker SuperCoralNinja-M8FT sent status: READY (Test: )
2025/06/30 09:43:43 Received ACK from Master for worker SuperCoralNinja-M8FT: Success=true, Message=Status received
2025/06/30 09:43:48 Worker SuperCoralNinja-M8FT sent status: READY (Test: )
2025/06/30 09:43:48 Received ACK from Master for worker SuperCoralNinja-M8FT: Success=true, Message=Status received
2025/06/30 09:43:53 Worker SuperCoralNinja-M8FT sent status: READY (Test: )
2025/06/30 09:43:53 Received ACK from Master for worker SuperCoralNinja-M8FT: Success=true, Message=Status received
2025/06/30 09:43:58 Worker SuperCoralNinja-M8FT sent status: READY (Test: )
2025/06/30 09:43:58 Received ACK from Master for worker SuperCoralNinja-M8FT: Success=true, Message=Status received
2025/06/30 09:44:03 Worker SuperCoralNinja-M8FT sent status: READY (Test: )
2025/06/30 09:44:03 Received ACK from Master for worker SuperCoralNinja-M8FT: Success=true, Message=Status received
2025/06/30 09:44:08 Worker SuperCoralNinja-M8FT sent status: READY (Test: )
2025/06/30 09:44:08 Received ACK from Master for worker SuperCoralNinja-M8FT: Success=true, Message=Status received
2025/06/30 09:44:13 Worker SuperCoralNinja-M8FT sent status: READY (Test: )
2025/06/30 09:44:13 Received ACK from Master for worker SuperCoralNinja-M8FT: Success=true, Message=Status received
2025/06/30 09:44:18 Worker SuperCoralNinja-M8FT sent status: READY (Test: )
2025/06/30 09:44:18 Received ACK from Master for worker SuperCoralNinja-M8FT: Success=true, Message=Status received
2025/06/30 09:44:23 Worker SuperCoralNinja-M8FT sent status: READY (Test: )
2025/06/30 09:44:23 Received ACK from Master for worker SuperCoralNinja-M8FT: Success=true, Message=Status received
2025/06/30 09:44:28 Worker SuperCoralNinja-M8FT sent status: READY (Test: )
2025/06/30 09:44:28 Received ACK from Master for worker SuperCoralNinja-M8FT: Success=true, Message=Status received
2025/06/30 09:44:33 Worker SuperCoralNinja-M8FT sent status: READY (Test: )
2025/06/30 09:44:33 Received ACK from Master for worker SuperCoralNinja-M8FT: Success=true, Message=Status received
2025/06/30 09:44:38 Worker SuperCoralNinja-M8FT sent status: READY (Test: )
2025/06/30 09:44:38 Received ACK from Master for worker SuperCoralNinja-M8FT: Success=true, Message=Status received
2025/06/30 09:44:43 Worker SuperCoralNinja-M8FT sent status: READY (Test: )
2025/06/30 09:44:43 Received ACK from Master for worker SuperCoralNinja-M8FT: Success=true, Message=Status received
2025/06/30 09:44:48 Worker SuperCoralNinja-M8FT sent status: READY (Test: )
2025/06/30 09:44:48 Received ACK from Master for worker SuperCoralNinja-M8FT: Success=true, Message=Status received
2025/06/30 09:44:53 Worker SuperCoralNinja-M8FT sent status: READY (Test: )
2025/06/30 09:44:53 Received ACK from Master for worker SuperCoralNinja-M8FT: Success=true, Message=Status received
2025/06/30 09:44:58 Worker SuperCoralNinja-M8FT sent status: READY (Test: )
2025/06/30 09:44:58 Received ACK from Master for worker SuperCoralNinja-M8FT: Success=true, Message=Status received
2025/06/30 09:45:03 Worker SuperCoralNinja-M8FT sent status: READY (Test: )
2025/06/30 09:45:03 Received ACK from Master for worker SuperCoralNinja-M8FT: Success=true, Message=Status received
2025/06/30 09:45:08 Worker SuperCoralNinja-M8FT sent status: READY (Test: )
2025/06/30 09:45:08 Received ACK from Master for worker SuperCoralNinja-M8FT: Success=true, Message=Status received
2025/06/30 09:45:13 Worker SuperCoralNinja-M8FT sent status: READY (Test: )
2025/06/30 09:45:13 Received ACK from Master for worker SuperCoralNinja-M8FT: Success=true, Message=Status received
2025/06/30 09:45:18 Worker SuperCoralNinja-M8FT sent status: READY (Test: )
2025/06/30 09:45:18 Received ACK from Master for worker SuperCoralNinja-M8FT: Success=true, Message=Status received
2025/06/30 09:45:23 Worker SuperCoralNinja-M8FT sent status: READY (Test: )
2025/06/30 09:45:23 Received ACK from Master for worker SuperCoralNinja-M8FT: Success=true, Message=Status received
2025/06/30 09:45:28 Worker SuperCoralNinja-M8FT sent status: READY (Test: )
2025/06/30 09:45:28 Received ACK from Master for worker SuperCoralNinja-M8FT: Success=true, Message=Status received
2025/06/30 09:45:33 Worker SuperCoralNinja-M8FT sent status: READY (Test: )
2025/06/30 09:45:33 Received ACK from Master for worker SuperCoralNinja-M8FT: Success=true, Message=Status received
2025/06/30 09:45:38 Worker SuperCoralNinja-M8FT sent status: READY (Test: )
2025/06/30 09:45:38 Received ACK from Master for worker SuperCoralNinja-M8FT: Success=true, Message=Status received
2025/06/30 09:45:43 Worker SuperCoralNinja-M8FT sent status: READY (Test: )
2025/06/30 09:45:43 Received ACK from Master for worker SuperCoralNinja-M8FT: Success=true, Message=Status received
2025/06/30 09:45:48 Worker SuperCoralNinja-M8FT sent status: READY (Test: )
2025/06/30 09:45:48 Received ACK from Master for worker SuperCoralNinja-M8FT: Success=true, Message=Status received
2025/06/30 09:45:53 Worker SuperCoralNinja-M8FT sent status: READY (Test: )
2025/06/30 09:45:53 Received ACK from Master for worker SuperCoralNinja-M8FT: Success=true, Message=Status received
2025/06/30 09:45:58 Worker SuperCoralNinja-M8FT sent status: READY (Test: )
2025/06/30 09:45:58 Received ACK from Master for worker SuperCoralNinja-M8FT: Success=true, Message=Status received
2025/06/30 09:46:03 Worker SuperCoralNinja-M8FT sent status: READY (Test: )
2025/06/30 09:46:03 Received ACK from Master for worker SuperCoralNinja-M8FT: Success=true, Message=Status received
2025/06/30 09:46:08 Worker SuperCoralNinja-M8FT sent status: READY (Test: )
2025/06/30 09:46:08 Received ACK from Master for worker SuperCoralNinja-M8FT: Success=true, Message=Status received
2025/06/30 09:46:13 Worker SuperCoralNinja-M8FT sent status: READY (Test: )
2025/06/30 09:46:13 Received ACK from Master for worker SuperCoralNinja-M8FT: Success=true, Message=Status received
2025/06/30 09:46:18 Worker SuperCoralNinja-M8FT sent status: READY (Test: )
2025/06/30 09:46:18 Received ACK from Master for worker SuperCoralNinja-M8FT: Success=true, Message=Status received
2025/06/30 09:46:23 Worker SuperCoralNinja-M8FT sent status: READY (Test: )
2025/06/30 09:46:23 Received ACK from Master for worker SuperCoralNinja-M8FT: Success=true, Message=Status received
2025/06/30 09:46:28 Worker SuperCoralNinja-M8FT sent status: READY (Test: )
2025/06/30 09:46:28 Received ACK from Master for worker SuperCoralNinja-M8FT: Success=true, Message=Status received
2025/06/30 09:46:33 Worker SuperCoralNinja-M8FT sent status: READY (Test: )
2025/06/30 09:46:33 Received ACK from Master for worker SuperCoralNinja-M8FT: Success=true, Message=Status received
2025/06/30 09:46:38 Worker SuperCoralNinja-M8FT sent status: READY (Test: )
2025/06/30 09:46:38 Received ACK from Master for worker SuperCoralNinja-M8FT: Success=true, Message=Status received
2025/06/30 09:46:43 Worker SuperCoralNinja-M8FT sent status: READY (Test: )
2025/06/30 09:46:43 Received ACK from Master for worker SuperCoralNinja-M8FT: Success=true, Message=Status received
2025/06/30 09:46:48 Worker SuperCoralNinja-M8FT sent status: READY (Test: )
2025/06/30 09:46:48 Received ACK from Master for worker SuperCoralNinja-M8FT: Success=true, Message=Status received
2025/06/30 09:46:53 Worker SuperCoralNinja-M8FT sent status: READY (Test: )
2025/06/30 09:46:53 Received ACK from Master for worker SuperCoralNinja-M8FT: Success=true, Message=Status received
2025/06/30 09:46:58 Worker SuperCoralNinja-M8FT sent status: READY (Test: )
2025/06/30 09:46:58 Received ACK from Master for worker SuperCoralNinja-M8FT: Success=true, Message=Status received
2025/06/30 09:47:03 Worker SuperCoralNinja-M8FT sent status: READY (Test: )
2025/06/30 09:47:03 Received ACK from Master for worker SuperCoralNinja-M8FT: Success=true, Message=Status received
2025/06/30 09:47:08 Worker SuperCoralNinja-M8FT sent status: READY (Test: )
2025/06/30 09:47:08 Received ACK from Master for worker SuperCoralNinja-M8FT: Success=true, Message=Status received
2025/06/30 09:47:13 Worker SuperCoralNinja-M8FT sent status: READY (Test: )
2025/06/30 09:47:13 Received ACK from Master for worker SuperCoralNinja-M8FT: Success=true, Message=Status received
2025/06/30 09:47:18 Worker SuperCoralNinja-M8FT sent status: READY (Test: )
2025/06/30 09:47:18 Received ACK from Master for worker SuperCoralNinja-M8FT: Success=true, Message=Status received
2025/06/30 09:47:23 Worker SuperCoralNinja-M8FT sent status: READY (Test: )
2025/06/30 09:47:23 Received ACK from Master for worker SuperCoralNinja-M8FT: Success=true, Message=Status received
2025/06/30 09:47:28 Worker SuperCoralNinja-M8FT sent status: READY (Test: )
2025/06/30 09:47:28 Received ACK from Master for worker SuperCoralNinja-M8FT: Success=true, Message=Status received
2025/06/30 09:47:33 Worker SuperCoralNinja-M8FT sent status: READY (Test: )
2025/06/30 09:47:33 Received ACK from Master for worker SuperCoralNinja-M8FT: Success=true, Message=Status received
2025/06/30 09:47:38 Worker SuperCoralNinja-M8FT sent status: READY (Test: )
2025/06/30 09:47:38 Received ACK from Master for worker SuperCoralNinja-M8FT: Success=true, Message=Status received
2025/06/30 09:47:43 Worker SuperCoralNinja-M8FT sent status: READY (Test: )
2025/06/30 09:47:43 Received ACK from Master for worker SuperCoralNinja-M8FT: Success=true, Message=Status received
2025/06/30 09:47:48 Worker SuperCoralNinja-M8FT sent status: READY (Test: )
2025/06/30 09:47:48 Received ACK from Master for worker SuperCoralNinja-M8FT: Success=true, Message=Status received
2025/06/30 09:47:53 Worker SuperCoralNinja-M8FT sent status: READY (Test: )
2025/06/30 09:47:53 Received ACK from Master for worker SuperCoralNinja-M8FT: Success=true, Message=Status received
2025/06/30 09:47:58 Worker SuperCoralNinja-M8FT sent status: READY (Test: )
2025/06/30 09:47:58 Received ACK from Master for worker SuperCoralNinja-M8FT: Success=true, Message=Status received
2025/06/30 09:48:03 Worker SuperCoralNinja-M8FT sent status: READY (Test: )
2025/06/30 09:48:03 Received ACK from Master for worker SuperCoralNinja-M8FT: Success=true, Message=Status received
2025/06/30 09:48:08 Worker SuperCoralNinja-M8FT sent status: READY (Test: )
2025/06/30 09:48:08 Received ACK from Master for worker SuperCoralNinja-M8FT: Success=true, Message=Status received
2025/06/30 09:48:13 Worker SuperCoralNinja-M8FT sent status: READY (Test: )
2025/06/30 09:48:13 Received ACK from Master for worker SuperCoralNinja-M8FT: Success=true, Message=Status received
2025/06/30 09:48:18 Worker SuperCoralNinja-M8FT sent status: READY (Test: )
2025/06/30 09:48:18 Received ACK from Master for worker SuperCoralNinja-M8FT: Success=true, Message=Status received
2025/06/30 09:48:23 Worker SuperCoralNinja-M8FT sent status: READY (Test: )
2025/06/30 09:48:23 Received ACK from Master for worker SuperCoralNinja-M8FT: Success=true, Message=Status received
2025/06/30 09:48:28 Worker SuperCoralNinja-M8FT sent status: READY (Test: )
2025/06/30 09:48:28 Received ACK from Master for worker SuperCoralNinja-M8FT: Success=true, Message=Status received
2025/06/30 09:48:33 Worker SuperCoralNinja-M8FT sent status: READY (Test: )
2025/06/30 09:48:33 Received ACK from Master for worker SuperCoralNinja-M8FT: Success=true, Message=Status received
2025/06/30 09:48:38 Worker SuperCoralNinja-M8FT sent status: READY (Test: )
2025/06/30 09:48:38 Received ACK from Master for worker SuperCoralNinja-M8FT: Success=true, Message=Status received
2025/06/30 09:48:43 Worker SuperCoralNinja-M8FT sent status: READY (Test: )
2025/06/30 09:48:43 Received ACK from Master for worker SuperCoralNinja-M8FT: Success=true, Message=Status received
2025/06/30 09:48:48 Worker SuperCoralNinja-M8FT sent status: READY (Test: )
2025/06/30 09:48:48 Received ACK from Master for worker SuperCoralNinja-M8FT: Success=true, Message=Status received
2025/06/30 09:48:53 Worker SuperCoralNinja-M8FT sent status: READY (Test: )
2025/06/30 09:48:53 Received ACK from Master for worker SuperCoralNinja-M8FT: Success=true, Message=Status received
2025/06/30 09:48:58 Worker SuperCoralNinja-M8FT sent status: READY (Test: )
2025/06/30 09:48:58 Received ACK from Master for worker SuperCoralNinja-M8FT: Success=true, Message=Status received
2025/06/30 09:49:03 Worker SuperCoralNinja-M8FT sent status: READY (Test: )
2025/06/30 09:49:03 Received ACK from Master for worker SuperCoralNinja-M8FT: Success=true, Message=Status received
2025/06/30 09:49:08 Worker SuperCoralNinja-M8FT sent status: READY (Test: )
2025/06/30 09:49:08 Received ACK from Master for worker SuperCoralNinja-M8FT: Success=true, Message=Status received
2025/06/30 09:49:13 Worker SuperCoralNinja-M8FT sent status: READY (Test: )
2025/06/30 09:49:13 Received ACK from Master for worker SuperCoralNinja-M8FT: Success=true, Message=Status received
2025/06/30 09:49:18 Worker SuperCoralNinja-M8FT sent status: READY (Test: )
2025/06/30 09:49:18 Received ACK from Master for worker SuperCoralNinja-M8FT: Success=true, Message=Status received
2025/06/30 09:49:23 Worker SuperCoralNinja-M8FT sent status: READY (Test: )
2025/06/30 09:49:23 Received ACK from Master for worker SuperCoralNinja-M8FT: Success=true, Message=Status received
2025/06/30 09:49:28 Worker SuperCoralNinja-M8FT sent status: READY (Test: )
2025/06/30 09:49:28 Received ACK from Master for worker SuperCoralNinja-M8FT: Success=true, Message=Status received
2025/06/30 09:49:33 Worker SuperCoralNinja-M8FT sent status: READY (Test: )
2025/06/30 09:49:33 Received ACK from Master for worker SuperCoralNinja-M8FT: Success=true, Message=Status received
2025/06/30 09:49:38 Worker SuperCoralNinja-M8FT sent status: READY (Test: )
2025/06/30 09:49:38 Received ACK from Master for worker SuperCoralNinja-M8FT: Success=true, Message=Status received
2025/06/30 09:49:43 Worker SuperCoralNinja-M8FT sent status: READY (Test: )
2025/06/30 09:49:43 Received ACK from Master for worker SuperCoralNinja-M8FT: Success=true, Message=Status received
2025/06/30 09:49:48 Worker SuperCoralNinja-M8FT sent status: READY (Test: )
2025/06/30 09:49:48 Received ACK from Master for worker SuperCoralNinja-M8FT: Success=true, Message=Status received
